{"C:\\Users\\Kayde\\UML\\app.js": {"path":"C:\\Users\\Kayde\\UML\\app.js","statementMap":{"0":{"start":{"line":1,"column":16},"end":{"line":1,"column":34}},"1":{"start":{"line":2,"column":17},"end":{"line":2,"column":42}},"2":{"start":{"line":3,"column":23},"end":{"line":3,"column":38}},"3":{"start":{"line":5,"column":12},"end":{"line":5,"column":21}},"4":{"start":{"line":6,"column":0},"end":{"line":6,"column":24}},"5":{"start":{"line":9,"column":11},"end":{"line":9,"column":61}},"6":{"start":{"line":11,"column":0},"end":{"line":20,"column":3}},"7":{"start":{"line":24,"column":2},"end":{"line":28,"column":5}},"8":{"start":{"line":25,"column":4},"end":{"line":27,"column":12}},"9":{"start":{"line":26,"column":6},"end":{"line":26,"column":70}},"10":{"start":{"line":32,"column":0},"end":{"line":75,"column":3}},"11":{"start":{"line":33,"column":42},"end":{"line":33,"column":50}},"12":{"start":{"line":35,"column":2},"end":{"line":39,"column":3}},"13":{"start":{"line":36,"column":4},"end":{"line":38,"column":7}},"14":{"start":{"line":41,"column":2},"end":{"line":43,"column":3}},"15":{"start":{"line":42,"column":4},"end":{"line":42,"column":82}},"16":{"start":{"line":45,"column":2},"end":{"line":74,"column":3}},"17":{"start":{"line":47,"column":20},"end":{"line":47,"column":58}},"18":{"start":{"line":49,"column":4},"end":{"line":51,"column":5}},"19":{"start":{"line":50,"column":6},"end":{"line":50,"column":77}},"20":{"start":{"line":53,"column":21},"end":{"line":60,"column":5}},"21":{"start":{"line":62,"column":4},"end":{"line":65,"column":21}},"22":{"start":{"line":67,"column":4},"end":{"line":71,"column":7}},"23":{"start":{"line":73,"column":4},"end":{"line":73,"column":90}},"24":{"start":{"line":78,"column":0},"end":{"line":85,"column":3}},"25":{"start":{"line":79,"column":2},"end":{"line":84,"column":3}},"26":{"start":{"line":80,"column":19},"end":{"line":80,"column":84}},"27":{"start":{"line":81,"column":4},"end":{"line":81,"column":66}},"28":{"start":{"line":83,"column":4},"end":{"line":83,"column":90}},"29":{"start":{"line":88,"column":0},"end":{"line":98,"column":3}},"30":{"start":{"line":89,"column":2},"end":{"line":97,"column":3}},"31":{"start":{"line":90,"column":18},"end":{"line":90,"column":84}},"32":{"start":{"line":91,"column":4},"end":{"line":93,"column":5}},"33":{"start":{"line":92,"column":6},"end":{"line":92,"column":91}},"34":{"start":{"line":94,"column":4},"end":{"line":94,"column":39}},"35":{"start":{"line":96,"column":4},"end":{"line":96,"column":90}},"36":{"start":{"line":101,"column":23},"end":{"line":101,"column":85}},"37":{"start":{"line":103,"column":0},"end":{"line":129,"column":3}},"38":{"start":{"line":104,"column":21},"end":{"line":104,"column":29}},"39":{"start":{"line":106,"column":2},"end":{"line":108,"column":3}},"40":{"start":{"line":107,"column":4},"end":{"line":107,"column":77}},"41":{"start":{"line":110,"column":2},"end":{"line":114,"column":3}},"42":{"start":{"line":111,"column":4},"end":{"line":113,"column":7}},"43":{"start":{"line":116,"column":2},"end":{"line":128,"column":3}},"44":{"start":{"line":117,"column":21},"end":{"line":117,"column":87}},"45":{"start":{"line":118,"column":4},"end":{"line":120,"column":5}},"46":{"start":{"line":119,"column":6},"end":{"line":119,"column":91}},"47":{"start":{"line":122,"column":4},"end":{"line":122,"column":87}},"48":{"start":{"line":123,"column":20},"end":{"line":123,"column":86}},"49":{"start":{"line":125,"column":4},"end":{"line":125,"column":85}},"50":{"start":{"line":127,"column":4},"end":{"line":127,"column":90}},"51":{"start":{"line":132,"column":0},"end":{"line":144,"column":3}},"52":{"start":{"line":133,"column":2},"end":{"line":143,"column":3}},"53":{"start":{"line":134,"column":21},"end":{"line":134,"column":87}},"54":{"start":{"line":135,"column":4},"end":{"line":137,"column":5}},"55":{"start":{"line":136,"column":6},"end":{"line":136,"column":91}},"56":{"start":{"line":139,"column":4},"end":{"line":139,"column":69}},"57":{"start":{"line":140,"column":4},"end":{"line":140,"column":94}},"58":{"start":{"line":142,"column":4},"end":{"line":142,"column":90}},"59":{"start":{"line":147,"column":0},"end":{"line":149,"column":3}},"60":{"start":{"line":148,"column":2},"end":{"line":148,"column":79}},"61":{"start":{"line":152,"column":13},"end":{"line":152,"column":37}},"62":{"start":{"line":153,"column":0},"end":{"line":157,"column":1}},"63":{"start":{"line":154,"column":2},"end":{"line":156,"column":5}},"64":{"start":{"line":155,"column":4},"end":{"line":155,"column":76}},"65":{"start":{"line":159,"column":0},"end":{"line":159,"column":21}}},"fnMap":{"0":{"name":"simulatePaymentGateway","decl":{"start":{"line":23,"column":9},"end":{"line":23,"column":31}},"loc":{"start":{"line":23,"column":41},"end":{"line":29,"column":1}},"line":23},"1":{"name":"(anonymous_1)","decl":{"start":{"line":24,"column":21},"end":{"line":24,"column":22}},"loc":{"start":{"line":24,"column":34},"end":{"line":28,"column":3}},"line":24},"2":{"name":"(anonymous_2)","decl":{"start":{"line":25,"column":15},"end":{"line":25,"column":16}},"loc":{"start":{"line":25,"column":21},"end":{"line":27,"column":5}},"line":25},"3":{"name":"(anonymous_3)","decl":{"start":{"line":32,"column":20},"end":{"line":32,"column":21}},"loc":{"start":{"line":32,"column":40},"end":{"line":75,"column":1}},"line":32},"4":{"name":"(anonymous_4)","decl":{"start":{"line":78,"column":19},"end":{"line":78,"column":20}},"loc":{"start":{"line":78,"column":33},"end":{"line":85,"column":1}},"line":78},"5":{"name":"(anonymous_5)","decl":{"start":{"line":88,"column":23},"end":{"line":88,"column":24}},"loc":{"start":{"line":88,"column":37},"end":{"line":98,"column":1}},"line":88},"6":{"name":"(anonymous_6)","decl":{"start":{"line":103,"column":25},"end":{"line":103,"column":26}},"loc":{"start":{"line":103,"column":39},"end":{"line":129,"column":1}},"line":103},"7":{"name":"(anonymous_7)","decl":{"start":{"line":132,"column":26},"end":{"line":132,"column":27}},"loc":{"start":{"line":132,"column":40},"end":{"line":144,"column":1}},"line":132},"8":{"name":"(anonymous_8)","decl":{"start":{"line":147,"column":8},"end":{"line":147,"column":9}},"loc":{"start":{"line":147,"column":22},"end":{"line":149,"column":1}},"line":147},"9":{"name":"(anonymous_9)","decl":{"start":{"line":154,"column":19},"end":{"line":154,"column":20}},"loc":{"start":{"line":154,"column":25},"end":{"line":156,"column":3}},"line":154}},"branchMap":{"0":{"loc":{"start":{"line":9,"column":24},"end":{"line":9,"column":60}},"type":"binary-expr","locations":[{"start":{"line":9,"column":24},"end":{"line":9,"column":43}},{"start":{"line":9,"column":47},"end":{"line":9,"column":60}}],"line":9},"1":{"loc":{"start":{"line":35,"column":2},"end":{"line":39,"column":3}},"type":"if","locations":[{"start":{"line":35,"column":2},"end":{"line":39,"column":3}},{"start":{},"end":{}}],"line":35},"2":{"loc":{"start":{"line":35,"column":6},"end":{"line":35,"column":74}},"type":"binary-expr","locations":[{"start":{"line":35,"column":6},"end":{"line":35,"column":15}},{"start":{"line":35,"column":19},"end":{"line":35,"column":27}},{"start":{"line":35,"column":31},"end":{"line":35,"column":53}},{"start":{"line":35,"column":57},"end":{"line":35,"column":74}}],"line":35},"3":{"loc":{"start":{"line":41,"column":2},"end":{"line":43,"column":3}},"type":"if","locations":[{"start":{"line":41,"column":2},"end":{"line":43,"column":3}},{"start":{},"end":{}}],"line":41},"4":{"loc":{"start":{"line":41,"column":6},"end":{"line":41,"column":50}},"type":"binary-expr","locations":[{"start":{"line":41,"column":6},"end":{"line":41,"column":34}},{"start":{"line":41,"column":38},"end":{"line":41,"column":50}}],"line":41},"5":{"loc":{"start":{"line":49,"column":4},"end":{"line":51,"column":5}},"type":"if","locations":[{"start":{"line":49,"column":4},"end":{"line":51,"column":5}},{"start":{},"end":{}}],"line":49},"6":{"loc":{"start":{"line":91,"column":4},"end":{"line":93,"column":5}},"type":"if","locations":[{"start":{"line":91,"column":4},"end":{"line":93,"column":5}},{"start":{},"end":{}}],"line":91},"7":{"loc":{"start":{"line":106,"column":2},"end":{"line":108,"column":3}},"type":"if","locations":[{"start":{"line":106,"column":2},"end":{"line":108,"column":3}},{"start":{},"end":{}}],"line":106},"8":{"loc":{"start":{"line":110,"column":2},"end":{"line":114,"column":3}},"type":"if","locations":[{"start":{"line":110,"column":2},"end":{"line":114,"column":3}},{"start":{},"end":{}}],"line":110},"9":{"loc":{"start":{"line":118,"column":4},"end":{"line":120,"column":5}},"type":"if","locations":[{"start":{"line":118,"column":4},"end":{"line":120,"column":5}},{"start":{},"end":{}}],"line":118},"10":{"loc":{"start":{"line":135,"column":4},"end":{"line":137,"column":5}},"type":"if","locations":[{"start":{"line":135,"column":4},"end":{"line":137,"column":5}},{"start":{},"end":{}}],"line":135},"11":{"loc":{"start":{"line":152,"column":13},"end":{"line":152,"column":37}},"type":"binary-expr","locations":[{"start":{"line":152,"column":13},"end":{"line":152,"column":29}},{"start":{"line":152,"column":33},"end":{"line":152,"column":37}}],"line":152},"12":{"loc":{"start":{"line":153,"column":0},"end":{"line":157,"column":1}},"type":"if","locations":[{"start":{"line":153,"column":0},"end":{"line":157,"column":1}},{"start":{},"end":{}}],"line":153}},"s":{"0":1,"1":1,"2":1,"3":1,"4":1,"5":1,"6":1,"7":4,"8":4,"9":4,"10":1,"11":10,"12":10,"13":3,"14":7,"15":3,"16":4,"17":4,"18":4,"19":1,"20":3,"21":3,"22":2,"23":1,"24":1,"25":4,"26":4,"27":3,"28":1,"29":1,"30":4,"31":4,"32":3,"33":1,"34":2,"35":1,"36":1,"37":1,"38":11,"39":11,"40":1,"41":10,"42":2,"43":8,"44":8,"45":7,"46":1,"47":6,"48":6,"49":6,"50":1,"51":1,"52":4,"53":4,"54":3,"55":1,"56":2,"57":1,"58":2,"59":1,"60":1,"61":1,"62":1,"63":0,"64":0,"65":1},"f":{"0":4,"1":4,"2":4,"3":10,"4":4,"5":4,"6":11,"7":4,"8":1,"9":0},"b":{"0":[1,1],"1":[3,7],"2":[10,9,8,7],"3":[3,4],"4":[7,6],"5":[1,3],"6":[1,2],"7":[1,10],"8":[2,8],"9":[1,6],"10":[1,2],"11":[1,1],"12":[0,1]},"_coverageSchema":"1a1c01bbd47fc00a2c39e90264f33305004495a9","hash":"9fb027e9f93fee649d5db46e34e089518adf40f5"}
}
