TN:
SF:app.js
FN:23,simulatePaymentGateway
FN:24,(anonymous_1)
FN:25,(anonymous_2)
FN:32,(anonymous_3)
FN:78,(anonymous_4)
FN:88,(anonymous_5)
FN:103,(anonymous_6)
FN:132,(anonymous_7)
FN:147,(anonymous_8)
FN:154,(anonymous_9)
FNF:10
FNH:9
FNDA:4,simulatePaymentGateway
FNDA:4,(anonymous_1)
FNDA:4,(anonymous_2)
FNDA:10,(anonymous_3)
FNDA:4,(anonymous_4)
FNDA:4,(anonymous_5)
FNDA:11,(anonymous_6)
FNDA:4,(anonymous_7)
FNDA:1,(anonymous_8)
FNDA:0,(anonymous_9)
DA:1,1
DA:2,1
DA:3,1
DA:5,1
DA:6,1
DA:9,1
DA:11,1
DA:24,4
DA:25,4
DA:26,4
DA:32,1
DA:33,10
DA:35,10
DA:36,3
DA:41,7
DA:42,3
DA:45,4
DA:47,4
DA:49,4
DA:50,1
DA:53,3
DA:62,3
DA:67,2
DA:73,1
DA:78,1
DA:79,4
DA:80,4
DA:81,3
DA:83,1
DA:88,1
DA:89,4
DA:90,4
DA:91,3
DA:92,1
DA:94,2
DA:96,1
DA:101,1
DA:103,1
DA:104,11
DA:106,11
DA:107,1
DA:110,10
DA:111,2
DA:116,8
DA:117,8
DA:118,7
DA:119,1
DA:122,6
DA:123,6
DA:125,6
DA:127,1
DA:132,1
DA:133,4
DA:134,4
DA:135,3
DA:136,1
DA:139,2
DA:140,1
DA:142,2
DA:147,1
DA:148,1
DA:152,1
DA:153,1
DA:154,0
DA:155,0
DA:159,1
LF:66
LH:64
BRDA:9,0,0,1
BRDA:9,0,1,1
BRDA:35,1,0,3
BRDA:35,1,1,7
BRDA:35,2,0,10
BRDA:35,2,1,9
BRDA:35,2,2,8
BRDA:35,2,3,7
BRDA:41,3,0,3
BRDA:41,3,1,4
BRDA:41,4,0,7
BRDA:41,4,1,6
BRDA:49,5,0,1
BRDA:49,5,1,3
BRDA:91,6,0,1
BRDA:91,6,1,2
BRDA:106,7,0,1
BRDA:106,7,1,10
BRDA:110,8,0,2
BRDA:110,8,1,8
BRDA:118,9,0,1
BRDA:118,9,1,6
BRDA:135,10,0,1
BRDA:135,10,1,2
BRDA:152,11,0,1
BRDA:152,11,1,1
BRDA:153,12,0,0
BRDA:153,12,1,1
BRF:28
BRH:27
end_of_record
